16:55:23.464: Constructing a new instance of Status Report Service
16:55:23.464: Providing a new reference to the instance of Status Report Service
16:55:23.464: Entering Initialize() of: Atmel.VsIde.AvrStudio.Project.Assembler.AssemblerPackage
16:55:23.694: Entering constructor for: Atmel.VsIde.AvrStudio.Project.Gcc.AvrGccPackage
16:55:23.694: Entering Initialize() of: Atmel.VsIde.AvrStudio.Project.Gcc.AvrGccPackage
16:55:23.704: Entering constructor for: Atmel.VsIde.AvrStudio.LanguageServices.AvrGCCLanguage.AvrGCCLanguagePackage
16:55:23.704: Entering Initialize() of: Atmel.VsIde.AvrStudio.LanguageServices.AvrGCCLanguage.AvrGCCLanguagePackage
16:55:23.724: Entering constructor for: Atmel.VsIde.AvrStudio.Project.Gcc.CPPProjectPackage
16:55:23.724: Entering Initialize() of: Atmel.VsIde.AvrStudio.Project.Gcc.CPPProjectPackage
16:55:23.724: Entering constructor for: Atmel.VsIde.AvrStudio.Project.Gcc.CProjectPackage
16:55:23.724: Entering Initialize() of: Atmel.VsIde.AvrStudio.Project.Gcc.CProjectPackage
16:55:23.724: Entering constructor for: Atmel.VsIde.AvrStudio.Debugging.DebugCommands.DebugCommandsPackage
16:55:23.734: Entering constructor for: Atmel.VsIde.AvrStudio.Services.TargetService.TargetManagerPackage
16:55:23.734: Entering Initialize() of: Atmel.VsIde.AvrStudio.Services.TargetService.TargetManagerPackage
16:55:23.854: Entering constructor for: Atmel.VsIde.AvrStudio.Services.ToolService.ToolServicePackage
16:55:23.854: Initializing Atmel.VsIde.AvrStudio.Services.ToolService.ToolServicePackage
16:55:24.014: 16:55:24: [INFO] Added ToolInfo: AVR Dragon
16:55:24.034: 16:55:24: [INFO] Added ToolInfo: AVRISP mkII
16:55:24.044: 16:55:24: [INFO] Added ToolInfo: AVR ONE!
16:55:24.054: 16:55:24: [INFO] Added ToolInfo: JTAGICE3
16:55:24.074: 16:55:24: [INFO] Added ToolInfo: JTAGICE mkII
16:55:24.124: 16:55:24: [INFO] Added ToolInfo: QT600
16:55:24.154: 16:55:24: [INFO] Added ToolInfo: SAM-ICE
16:55:24.154: 16:55:24: [INFO] Added ToolInfo: AVR Simulator
16:55:24.181: 16:55:24: [INFO] Added ToolInfo: STK500
16:55:24.210: 16:55:24: [INFO] Added ToolInfo: STK600
16:55:28.336: Entering constructor for: Atmel.VsIde.Common.DialogService.DialogServicePackage
16:55:28.336: Entering Initialize() of: Atmel.VsIde.Common.DialogService.DialogServicePackage
16:55:28.336: 16:55:28: [INFO] Starting avrdbg from: C:\Program Files (x86)\Atmel\Atmel Studio 6.0\avrdbg\avrdbg.exe
16:55:28.356: 16:55:28: [INFO] Starting the avrdbg backend with the following options:
<C:\Program Files (x86)\Atmel\Atmel Studio 6.0\avrdbg\avrdbg.exe  /connection-port=49179
16:55:29.416: 16:55:29: [INFO] sending Hello System.Byte[]
16:55:29.486: 16:55:29: [INFO] Connecting to backend at 127.0.0.1:49179
16:55:29.776: Entering constructor for: Atmel.VsIde.AvrStudio.Services.DeviceService.DeviceServicePackage
16:55:29.776: Entering Initialize() of: Atmel.VsIde.AvrStudio.Services.DeviceService.DeviceServicePackage
16:55:29.826: 16:55:29: [INFO] sending peerAdded System.Byte[]
16:55:29.826: 16:55:29: [INFO] The avrdbg process has started. 
16:55:29.836: Entering constructor for: Atmel.EventsService.EventsServicePackage
16:55:29.836: Entering Initialize() of: Atmel.EventsService.EventsServicePackage
16:55:29.926: Entering constructor for: Atmel.VsIde.AvrStudio.Services.HelpService.HelpServicePackage
16:55:29.926: Entering Initialize() of: Atmel.VsIde.AvrStudio.Services.HelpService.HelpServicePackage
16:55:29.926: Entering constructor for: Atmel.VsIde.AvrStudio.LanguageServices.Packages.ServiceProviderImplementations
16:55:29.926: Entering Initialize() of: Atmel.VsIde.AvrStudio.LanguageServices.Packages.ServiceProviderImplementations
16:55:30.036: Entering constructor for: Atmel.VsIde.AvrStudio.Services.TargetService2.TargetService2Package
16:55:30.036: Entering Initialize() of: Atmel.VsIde.AvrStudio.Services.TargetService2.TargetService2Package
16:55:30.046: Entering constructor for: ToolchainProvider.AvrStudioToolchainExtensionPackage
16:55:30.046: Entering Initialize() of: ToolchainProvider.AvrStudioToolchainExtensionPackage
16:55:33.725: Entering Initialize() of: Atmel.Asf.AsfPackage
16:55:33.825: Entering constructor for: Atmel.VsIde.AvrStudio.Asf.Service.AsfServicePackage
16:55:33.825: Entering Initialize() of: Atmel.VsIde.AvrStudio.Asf.Service.AsfServicePackage
16:55:34.275: Entering constructor for: Atmel.VsIde.AvrStudio.Extensions.AvrAssembler.AvrAssemblerToolchainPackage
16:55:34.275: Entering Initialize() of: Atmel.VsIde.AvrStudio.Extensions.AvrAssembler.AvrAssemblerToolchainPackage
16:55:37.664: Entering constructor for: Atmel.VsIde.AvrStudio.LanguageServices.AvrAssemblerLanguage.AVRAssemblerLanguagePackage
16:55:37.665: Entering Initialize() of: Atmel.VsIde.AvrStudio.LanguageServices.AvrAssemblerLanguage.AVRAssemblerLanguagePackage
16:55:38.166: Entering constructor for: Atmel.AvrStudioInfoService.AvrStudioInfoServicePackage
16:55:38.166: Entering Initialize() of: Atmel.AvrStudioInfoService.AvrStudioInfoServicePackage
16:55:38.169: Entering constructor for: Atmel.VsIde.AvrStudio.MakeBuilderService.MakeBuilderServicePackage
16:55:38.169: Entering Initialize() of: Atmel.VsIde.AvrStudio.MakeBuilderService.MakeBuilderServicePackage
16:55:38.171: Entering constructor for: Atmel.VsIde.AvrStudio.Project.OpenObjectFileForDebugging.OpenObjectFileForDebuggingPackage
16:55:38.172: Entering Initialize() of: Atmel.VsIde.AvrStudio.Project.OpenObjectFileForDebugging.OpenObjectFileForDebuggingPackage
16:55:39.697: Stream:setLogBits 50.0042 msecs
16:55:39.809: Exception encountered during device file parsing : System.IO.IOException: The process cannot access the file 'C:\Users\ROHIT\AppData\Roaming\Atmel\AtmelStudio\6.0\DeviceSummaryCache\md5DeviceFile.dat' because it is being used by another process.
   at System.IO.__Error.WinIOError(Int32 errorCode, String maybeFullPath)
   at System.IO.FileStream.Init(String path, FileMode mode, FileAccess access, Int32 rights, Boolean useRights, FileShare share, Int32 bufferSize, FileOptions options, SECURITY_ATTRIBUTES secAttrs, String msgPath, Boolean bFromProxy, Boolean useLongPath, Boolean checkHost)
   at System.IO.FileStream..ctor(String path, FileMode mode, FileAccess access, FileShare share, Int32 bufferSize, FileOptions options, String msgPath, Boolean bFromProxy)
   at System.IO.FileStream..ctor(String path, FileMode mode)
   at Atmel.VsIde.AvrStudio.Services.DeviceService.DeviceLoader.ISDeviceFolderModifiedByUser(String md5FileName)
   at Atmel.VsIde.AvrStudio.Services.DeviceService.DeviceLoader.UpdateDeviceSummaryCache(Object param)
